Starting:  2016050109.html
Starting:  2016042005.html
Starting:  2016041714.html
BREAKING ZZZZZZZZZZZZZZZZZZZZZZZZZZZZZZZZZZZZZZZZZZZZZZZZZZZ
Starting:  2016050405.html
Tim Hardaway Jr.
Tim Hardaway
Tim Hardaway Jr.
Tim Hardaway
Tim Hardaway Jr.
Tim Hardaway
Starting:  2016042429.html
Patty Mills
Patrick Mills
Patty Mills
Patrick Mills
Patty Mills
Patrick Mills
Patty Mills
Patrick Mills
Patty Mills
Patrick Mills
Patty Mills
Patrick Mills
Starting:  2016041712.html
Luc Richard Mbah a Moute
Luc Mbah a Moute
Luc Richard Mbah a Moute
Luc Mbah a Moute
Luc Richard Mbah a Moute
Luc Mbah a Moute
Luc Richard Mbah a Moute
Luc Mbah a Moute
Luc Richard Mbah a Moute
Luc Mbah a Moute
Luc Richard Mbah a Moute
Luc Mbah a Moute
Luc Richard Mbah a Moute
Luc Mbah a Moute
Starting:  2016042106.html
Starting:  2016042410.html
Starting:  2016050601.html
Tim Hardaway Jr.
Tim Hardaway
BREAKING ZZZZZZZZZZZZZZZZZZZZZZZZZZZZZZZZZZZZZZZZZZZZZZZZZZZ
Tim Hardaway Jr.
Tim Hardaway
Starting:  2016041825.html
Mavericks
Starting:  2016042408.html
Starting:  2016041601.html
Tim Hardaway Jr.
Tim Hardaway
Tim Hardaway Jr.
Tim Hardaway
BREAKING ZZZZZZZZZZZZZZZZZZZZZZZZZZZZZZZZZZZZZZZZZZZZZZZZZZZ
Tim Hardaway Jr.
Tim Hardaway
Tim Hardaway Jr.
Tim Hardaway
Celtics
Tim Hardaway Jr.
Tim Hardaway
Starting:  2016041609.html
Starting:  2016042208.html
Starting:  2016042911.html
Glenn Robinson III
Glenn Robinson
Joe Young
Joseph Young
Joe Young
Joseph Young
Joe Young
Joseph Young
Starting:  2016042202.html
Tim Hardaway Jr.
Tim Hardaway
Tim Hardaway Jr.
Tim Hardaway
BREAKING ZZZZZZZZZZZZZZZZZZZZZZZZZZZZZZZZZZZZZZZZZZZZZZZZZZZ
Starting:  2016042229.html
Patty Mills
Patrick Mills
Patty Mills
Patrick Mills
Patty Mills
Patrick Mills
Patty Mills
Patrick Mills
Patty Mills
Patrick Mills
Starting:  2016042330.html
Starting:  2016041705.html
Starting:  2016042306.html
Starting:  2016041924.html
Patty Mills
Patrick Mills
Patty Mills
Patrick Mills
Patty Mills
Patrick Mills
Patty Mills
Patrick Mills
Patty Mills
Patrick Mills
Starting:  2016042111.html
Glenn Robinson III
Glenn Robinson
Joe Young
Joseph Young
Starting:  2016050224.html
Patty Mills
Patrick Mills
Patty Mills
Patrick Mills
Patty Mills
Patrick Mills
Patty Mills
Patrick Mills
Patty Mills
Patrick Mills
Starting:  2016042530.html
Starting:  2016050309.html
Starting:  2016042014.html
Starting:  2016050114.html
Starting:  2016042922.html
Luc Richard Mbah a Moute
Luc Mbah a Moute
Luc Richard Mbah a Moute
Luc Mbah a Moute
Luc Richard Mbah a Moute
Luc Mbah a Moute
Luc Richard Mbah a Moute
Luc Mbah a Moute
Luc Richard Mbah a Moute
Luc Mbah a Moute
Luc Richard Mbah a Moute
Luc Mbah a Moute
Luc Richard Mbah a Moute
Luc Mbah a Moute
Luc Richard Mbah a Moute
Luc Mbah a Moute
Luc Richard Mbah a Moute
Luc Mbah a Moute
Luc Richard Mbah a Moute
Luc Mbah a Moute
Luc Richard Mbah a Moute
Luc Mbah a Moute
Luc Richard Mbah a Moute
Luc Mbah a Moute
Luc Richard Mbah a Moute
Luc Mbah a Moute
Luc Richard Mbah a Moute
Luc Mbah a Moute
Luc Richard Mbah a Moute
Luc Mbah a Moute
Starting:  2016050528.html
BREAKING ZZZZZZZZZZZZZZZZZZZZZZZZZZZZZZZZZZZZZZZZZZZZZZZZZZZ
Starting:  2016042714.html
Starting:  2016041828.html
Glenn Robinson III
Glenn Robinson
Joe Young
Joseph Young
Starting:  2016042110.html
Starting:  2016042712.html
Starting:  2016042012.html
Luc Richard Mbah a Moute
Luc Mbah a Moute
Luc Richard Mbah a Moute
Luc Mbah a Moute
Luc Richard Mbah a Moute
Luc Mbah a Moute
Luc Richard Mbah a Moute
Luc Mbah a Moute
Luc Richard Mbah a Moute
Luc Mbah a Moute
Luc Richard Mbah a Moute
Luc Mbah a Moute
Luc Richard Mbah a Moute
Luc Mbah a Moute
Luc Richard Mbah a Moute
Luc Mbah a Moute
Starting:  2016042522.html
Luc Richard Mbah a Moute
Luc Mbah a Moute
Luc Richard Mbah a Moute
Luc Mbah a Moute
Luc Richard Mbah a Moute
Luc Mbah a Moute
Luc Richard Mbah a Moute
Luc Mbah a Moute
Luc Richard Mbah a Moute
Luc Mbah a Moute
Luc Richard Mbah a Moute
Luc Mbah a Moute
Luc Richard Mbah a Moute
Luc Mbah a Moute
Starting:  2016042601.html
Tim Hardaway Jr.
Tim Hardaway
Tim Hardaway Jr.
Tim Hardaway
Tim Hardaway Jr.
Tim Hardaway
Tim Hardaway Jr.
Tim Hardaway
Starting:  2016041809.html
Rockets
Starting:  2016042525.html
Starting:  2016042311.html
Glenn Robinson III
Glenn Robinson
Joe Young
Joseph Young
Joe Young
Joseph Young
Starting:  2016050128.html
Starting:  2016042628.html
BREAKING ZZZZZZZZZZZZZZZZZZZZZZZZZZZZZZZZZZZZZZZZZZZZZZZZZZZ
Starting:  2016042930.html
Starting:  2016041625.html
Mavericks
Starting:  2016042802.html
Tim Hardaway Jr.
Tim Hardaway
Tim Hardaway Jr.
Tim Hardaway
Tim Hardaway Jr.
Tim Hardaway
Tim Hardaway Jr.
Tim Hardaway
Tim Hardaway Jr.
Tim Hardaway
Tim Hardaway Jr.
Tim Hardaway
Tim Hardaway Jr.
Tim Hardaway
Tim Hardaway Jr.
Tim Hardaway
Tim Hardaway Jr.
Tim Hardaway
Starting:  2016050205.html
Tim Hardaway Jr.
Tim Hardaway
Tim Hardaway Jr.
Tim Hardaway
Tim Hardaway Jr.
Tim Hardaway
BREAKING ZZZZZZZZZZZZZZZZZZZZZZZZZZZZZZZZZZZZZZZZZZZZZZZZZZZ
Tim Hardaway Jr.
Tim Hardaway
Tim Hardaway Jr.
Tim Hardaway
Starting:  2016042709.html
Rockets
Starting:  2016042322.html
Luc Richard Mbah a Moute
Luc Mbah a Moute
Luc Richard Mbah a Moute
Luc Mbah a Moute
Luc Richard Mbah a Moute
Luc Mbah a Moute
Luc Richard Mbah a Moute
Luc Mbah a Moute
Luc Richard Mbah a Moute
Luc Mbah a Moute
Luc Richard Mbah a Moute
Luc Mbah a Moute
Luc Richard Mbah a Moute
Luc Mbah a Moute
Luc Richard Mbah a Moute
Luc Mbah a Moute
Starting:  2016050625.html
Patty Mills
Patrick Mills
Patty Mills
Patrick Mills
Patty Mills
Patrick Mills
Patty Mills
Patrick Mills
Patty Mills
Patrick Mills
Starting:  2016041628.html
Starting:  2016042402.html
Tim Hardaway Jr.
Tim Hardaway
BREAKING ZZZZZZZZZZZZZZZZZZZZZZZZZZZZZZZZZZZZZZZZZZZZZZZZZZZ
Starting:  2016050328.html
Starting:  2016041724.html
Patty Mills
Patrick Mills
Grizzlies
Patty Mills
Patrick Mills
Patty Mills
Patrick Mills
Patty Mills
Patrick Mills
Starting:  2016043024.html
Patty Mills
Patrick Mills
Patty Mills
Patrick Mills
Patty Mills
Patrick Mills
Patty Mills
Patrick Mills
Starting:  2016041901.html
Tim Hardaway Jr.
Tim Hardaway
Tim Hardaway Jr.
Tim Hardaway
Tim Hardaway Jr.
Tim Hardaway
BREAKING ZZZZZZZZZZZZZZZZZZZZZZZZZZZZZZZZZZZZZZZZZZZZZZZZZZZ
Tim Hardaway Jr.
Tim Hardaway
Tim Hardaway Jr.
Tim Hardaway
